{"level":"error","message":"some thing was wrong"}
{"level":"error"}
{"level":"error","message":"some thing was wrong some thing was wrong","stack":"Error: some thing was wrong\n    at E:\\Code\\JavaScript\\Node\\vidly\\routes\\genres.js:11:9\n    at E:\\Code\\JavaScript\\Node\\vidly\\middleware\\async.js:5:19\n    at newFn (E:\\Code\\JavaScript\\Node\\vidly\\node_modules\\express-async-errors\\index.js:16:20)\n    at Layer.handle [as handle_request] (E:\\Code\\JavaScript\\Node\\vidly\\node_modules\\express\\lib\\router\\layer.js:95:5)\n    at next (E:\\Code\\JavaScript\\Node\\vidly\\node_modules\\express\\lib\\router\\route.js:137:13)\n    at Route.dispatch (E:\\Code\\JavaScript\\Node\\vidly\\node_modules\\express\\lib\\router\\route.js:112:3)\n    at newFn (E:\\Code\\JavaScript\\Node\\vidly\\node_modules\\express-async-errors\\index.js:16:20)\n    at Layer.handle [as handle_request] (E:\\Code\\JavaScript\\Node\\vidly\\node_modules\\express\\lib\\router\\layer.js:95:5)\n    at E:\\Code\\JavaScript\\Node\\vidly\\node_modules\\express\\lib\\router\\index.js:281:22\n    at Function.process_params (E:\\Code\\JavaScript\\Node\\vidly\\node_modules\\express\\lib\\router\\index.js:341:12)"}
{"level":"error","message":"some thing was wrong some thing was wrong","stack":"Error: some thing was wrong\n    at E:\\Code\\JavaScript\\Node\\vidly\\routes\\genres.js:11:9\n    at E:\\Code\\JavaScript\\Node\\vidly\\middleware\\async.js:5:19\n    at newFn (E:\\Code\\JavaScript\\Node\\vidly\\node_modules\\express-async-errors\\index.js:16:20)\n    at Layer.handle [as handle_request] (E:\\Code\\JavaScript\\Node\\vidly\\node_modules\\express\\lib\\router\\layer.js:95:5)\n    at next (E:\\Code\\JavaScript\\Node\\vidly\\node_modules\\express\\lib\\router\\route.js:137:13)\n    at Route.dispatch (E:\\Code\\JavaScript\\Node\\vidly\\node_modules\\express\\lib\\router\\route.js:112:3)\n    at newFn (E:\\Code\\JavaScript\\Node\\vidly\\node_modules\\express-async-errors\\index.js:16:20)\n    at Layer.handle [as handle_request] (E:\\Code\\JavaScript\\Node\\vidly\\node_modules\\express\\lib\\router\\layer.js:95:5)\n    at E:\\Code\\JavaScript\\Node\\vidly\\node_modules\\express\\lib\\router\\index.js:281:22\n    at Function.process_params (E:\\Code\\JavaScript\\Node\\vidly\\node_modules\\express\\lib\\router\\index.js:341:12)"}
{"level":"error","message":"some thing was wrong some thing was wrong","stack":"Error: some thing was wrong\n    at E:\\Code\\JavaScript\\Node\\vidly\\routes\\genres.js:11:9\n    at E:\\Code\\JavaScript\\Node\\vidly\\middleware\\async.js:5:19\n    at newFn (E:\\Code\\JavaScript\\Node\\vidly\\node_modules\\express-async-errors\\index.js:16:20)\n    at Layer.handle [as handle_request] (E:\\Code\\JavaScript\\Node\\vidly\\node_modules\\express\\lib\\router\\layer.js:95:5)\n    at next (E:\\Code\\JavaScript\\Node\\vidly\\node_modules\\express\\lib\\router\\route.js:137:13)\n    at Route.dispatch (E:\\Code\\JavaScript\\Node\\vidly\\node_modules\\express\\lib\\router\\route.js:112:3)\n    at newFn (E:\\Code\\JavaScript\\Node\\vidly\\node_modules\\express-async-errors\\index.js:16:20)\n    at Layer.handle [as handle_request] (E:\\Code\\JavaScript\\Node\\vidly\\node_modules\\express\\lib\\router\\layer.js:95:5)\n    at E:\\Code\\JavaScript\\Node\\vidly\\node_modules\\express\\lib\\router\\index.js:281:22\n    at Function.process_params (E:\\Code\\JavaScript\\Node\\vidly\\node_modules\\express\\lib\\router\\index.js:341:12)"}
{"level":"error","message":"some thing was wrong some thing was wrong","stack":"Error: some thing was wrong\n    at E:\\Code\\JavaScript\\Node\\vidly\\routes\\genres.js:11:9\n    at E:\\Code\\JavaScript\\Node\\vidly\\middleware\\async.js:5:19\n    at newFn (E:\\Code\\JavaScript\\Node\\vidly\\node_modules\\express-async-errors\\index.js:16:20)\n    at Layer.handle [as handle_request] (E:\\Code\\JavaScript\\Node\\vidly\\node_modules\\express\\lib\\router\\layer.js:95:5)\n    at next (E:\\Code\\JavaScript\\Node\\vidly\\node_modules\\express\\lib\\router\\route.js:137:13)\n    at Route.dispatch (E:\\Code\\JavaScript\\Node\\vidly\\node_modules\\express\\lib\\router\\route.js:112:3)\n    at newFn (E:\\Code\\JavaScript\\Node\\vidly\\node_modules\\express-async-errors\\index.js:16:20)\n    at Layer.handle [as handle_request] (E:\\Code\\JavaScript\\Node\\vidly\\node_modules\\express\\lib\\router\\layer.js:95:5)\n    at E:\\Code\\JavaScript\\Node\\vidly\\node_modules\\express\\lib\\router\\index.js:281:22\n    at Function.process_params (E:\\Code\\JavaScript\\Node\\vidly\\node_modules\\express\\lib\\router\\index.js:341:12)"}
{"level":"error","message":"some thing was wrong some thing was wrong","stack":"Error: some thing was wrong\n    at E:\\Code\\JavaScript\\Node\\vidly\\routes\\genres.js:11:9\n    at E:\\Code\\JavaScript\\Node\\vidly\\middleware\\async.js:5:19\n    at newFn (E:\\Code\\JavaScript\\Node\\vidly\\node_modules\\express-async-errors\\index.js:16:20)\n    at Layer.handle [as handle_request] (E:\\Code\\JavaScript\\Node\\vidly\\node_modules\\express\\lib\\router\\layer.js:95:5)\n    at next (E:\\Code\\JavaScript\\Node\\vidly\\node_modules\\express\\lib\\router\\route.js:137:13)\n    at Route.dispatch (E:\\Code\\JavaScript\\Node\\vidly\\node_modules\\express\\lib\\router\\route.js:112:3)\n    at newFn (E:\\Code\\JavaScript\\Node\\vidly\\node_modules\\express-async-errors\\index.js:16:20)\n    at Layer.handle [as handle_request] (E:\\Code\\JavaScript\\Node\\vidly\\node_modules\\express\\lib\\router\\layer.js:95:5)\n    at E:\\Code\\JavaScript\\Node\\vidly\\node_modules\\express\\lib\\router\\index.js:281:22\n    at Function.process_params (E:\\Code\\JavaScript\\Node\\vidly\\node_modules\\express\\lib\\router\\index.js:341:12)"}
{"level":"error","message":"some thing was wrong some thing was wrong","stack":"Error: some thing was wrong\n    at E:\\Code\\JavaScript\\Node\\vidly\\routes\\genres.js:11:9\n    at E:\\Code\\JavaScript\\Node\\vidly\\middleware\\async.js:5:19\n    at newFn (E:\\Code\\JavaScript\\Node\\vidly\\node_modules\\express-async-errors\\index.js:16:20)\n    at Layer.handle [as handle_request] (E:\\Code\\JavaScript\\Node\\vidly\\node_modules\\express\\lib\\router\\layer.js:95:5)\n    at next (E:\\Code\\JavaScript\\Node\\vidly\\node_modules\\express\\lib\\router\\route.js:137:13)\n    at Route.dispatch (E:\\Code\\JavaScript\\Node\\vidly\\node_modules\\express\\lib\\router\\route.js:112:3)\n    at newFn (E:\\Code\\JavaScript\\Node\\vidly\\node_modules\\express-async-errors\\index.js:16:20)\n    at Layer.handle [as handle_request] (E:\\Code\\JavaScript\\Node\\vidly\\node_modules\\express\\lib\\router\\layer.js:95:5)\n    at E:\\Code\\JavaScript\\Node\\vidly\\node_modules\\express\\lib\\router\\index.js:281:22\n    at Function.process_params (E:\\Code\\JavaScript\\Node\\vidly\\node_modules\\express\\lib\\router\\index.js:341:12)"}
{"level":"error","message":"some thing was wrong some thing was wrong","stack":"Error: some thing was wrong\n    at E:\\Code\\JavaScript\\Node\\vidly\\routes\\genres.js:11:9\n    at E:\\Code\\JavaScript\\Node\\vidly\\middleware\\async.js:5:19\n    at newFn (E:\\Code\\JavaScript\\Node\\vidly\\node_modules\\express-async-errors\\index.js:16:20)\n    at Layer.handle [as handle_request] (E:\\Code\\JavaScript\\Node\\vidly\\node_modules\\express\\lib\\router\\layer.js:95:5)\n    at next (E:\\Code\\JavaScript\\Node\\vidly\\node_modules\\express\\lib\\router\\route.js:137:13)\n    at Route.dispatch (E:\\Code\\JavaScript\\Node\\vidly\\node_modules\\express\\lib\\router\\route.js:112:3)\n    at newFn (E:\\Code\\JavaScript\\Node\\vidly\\node_modules\\express-async-errors\\index.js:16:20)\n    at Layer.handle [as handle_request] (E:\\Code\\JavaScript\\Node\\vidly\\node_modules\\express\\lib\\router\\layer.js:95:5)\n    at E:\\Code\\JavaScript\\Node\\vidly\\node_modules\\express\\lib\\router\\index.js:281:22\n    at Function.process_params (E:\\Code\\JavaScript\\Node\\vidly\\node_modules\\express\\lib\\router\\index.js:341:12)"}
{"level":"error","message":"some thing was wrong some thing was wrong","stack":"Error: some thing was wrong\n    at E:\\Code\\JavaScript\\Node\\vidly\\routes\\genres.js:11:9\n    at E:\\Code\\JavaScript\\Node\\vidly\\middleware\\async.js:5:19\n    at newFn (E:\\Code\\JavaScript\\Node\\vidly\\node_modules\\express-async-errors\\index.js:16:20)\n    at Layer.handle [as handle_request] (E:\\Code\\JavaScript\\Node\\vidly\\node_modules\\express\\lib\\router\\layer.js:95:5)\n    at next (E:\\Code\\JavaScript\\Node\\vidly\\node_modules\\express\\lib\\router\\route.js:137:13)\n    at Route.dispatch (E:\\Code\\JavaScript\\Node\\vidly\\node_modules\\express\\lib\\router\\route.js:112:3)\n    at newFn (E:\\Code\\JavaScript\\Node\\vidly\\node_modules\\express-async-errors\\index.js:16:20)\n    at Layer.handle [as handle_request] (E:\\Code\\JavaScript\\Node\\vidly\\node_modules\\express\\lib\\router\\layer.js:95:5)\n    at E:\\Code\\JavaScript\\Node\\vidly\\node_modules\\express\\lib\\router\\index.js:281:22\n    at Function.process_params (E:\\Code\\JavaScript\\Node\\vidly\\node_modules\\express\\lib\\router\\index.js:341:12)"}
{"level":"error","message":"some thing was wrong some thing was wrong","stack":"Error: some thing was wrong\n    at E:\\Code\\JavaScript\\Node\\vidly\\routes\\genres.js:11:9\n    at E:\\Code\\JavaScript\\Node\\vidly\\middleware\\async.js:5:19\n    at newFn (E:\\Code\\JavaScript\\Node\\vidly\\node_modules\\express-async-errors\\index.js:16:20)\n    at Layer.handle [as handle_request] (E:\\Code\\JavaScript\\Node\\vidly\\node_modules\\express\\lib\\router\\layer.js:95:5)\n    at next (E:\\Code\\JavaScript\\Node\\vidly\\node_modules\\express\\lib\\router\\route.js:137:13)\n    at Route.dispatch (E:\\Code\\JavaScript\\Node\\vidly\\node_modules\\express\\lib\\router\\route.js:112:3)\n    at newFn (E:\\Code\\JavaScript\\Node\\vidly\\node_modules\\express-async-errors\\index.js:16:20)\n    at Layer.handle [as handle_request] (E:\\Code\\JavaScript\\Node\\vidly\\node_modules\\express\\lib\\router\\layer.js:95:5)\n    at E:\\Code\\JavaScript\\Node\\vidly\\node_modules\\express\\lib\\router\\index.js:281:22\n    at Function.process_params (E:\\Code\\JavaScript\\Node\\vidly\\node_modules\\express\\lib\\router\\index.js:341:12)"}
2021-12-30T16:32:50.476Z [日志模块] error: some thing was wrong
2021-12-30T16:34:25.058Z [日志模块] error: some thing was wrong
2021-12-31 00:39:27 [日志模块] error: some thing was wrong
2021-12-31 00:41:04 [日志模块] error: some thing was wrong
2021-12-31 00:41:10 [日志模块] error: some thing was wrong
undefined
2021-12-31 00:42:27 [日志模块] error: some thing was wrong
2021-12-31 00:42:44 [日志模块] error: some thing was wrong some thing was wrong
2021-12-31 00:43:02 [日志模块] error: some thing was wrong some thing was wrong
2021-12-31 00:43:04 [日志模块] error: some thing was wrong some thing was wrong
2021-12-31 00:43:17 [日志模块] error: some thing was wrong some thing was wrong
2021-12-31 00:43:56 [日志模块] error: some thing was wrong some thing was wrong
2021-12-31 00:47:16 [日志模块] error: some thing was wrong some thing was wrong
            [stack]:function createFormatWrap(opts) {
    return new Format(opts);
  }
2021-12-31 00:47:34 [日志模块] error: some thing was wrong some thing was wrong
            [stack]:undefined
2021-12-31 00:47:49 [日志模块] error: some thing was wrong some thing was wrong
            [stack]:undefined
2021-12-31 00:47:51 [日志模块] error: some thing was wrong some thing was wrong
            [stack]:undefined
2021-12-31 00:48:41 [日志模块] error: some thing was wrong some thing was wrong [stack]:undefined
2021-12-31 00:49:02 [日志模块] error: some thing was wrong some thing was wrong [stack]:opts => new Splatter(opts)
2021-12-31 00:49:23 [日志模块] error: some thing was wrong some thing was wrong [stack]:opts => new Splatter(opts)
2021-12-31 00:49:36 [日志模块] error: some thing was wrong some thing was wrong
2021-12-31 00:49:51 [日志模块] error: some thing was wrong
2021-12-31 00:50:25 [日志模块] error: some thing was wrong
2021-12-31 00:50:29 [日志模块] error: some thing was wrong
2021-12-31 00:50:59 [日志模块] error: some thing was wrong undefined
2022-01-01 20:14:14 [日志模块] error: some thing was wrong
2022-01-01 20:17:07 [日志模块] error: some thing was wrong
2022-01-01 20:17:37 [日志模块] error: some thing was wrong
2022-01-01 20:18:19 [日志模块] warn: some thing was wrong
2022-01-01 20:19:13 [日志模块] warn: some thing was wrong
2022-01-01 20:19:32 [日志模块] info: some thing was wrong
2022-01-01 20:26:01 [日志模块] info: some thing was wrong
2022-01-01 20:26:01 [日志模块] error: some thing was wrong
2022-01-01 20:30:51 [日志模块] info: some thing was wrong undefined
2022-01-01 20:30:51 [日志模块] error: some thing was wrong Error: some thing was wrong
    at E:\Code\JavaScript\Node\vidly\routes\genres.js:11:9
    at E:\Code\JavaScript\Node\vidly\middleware\async.js:5:19
    at newFn (E:\Code\JavaScript\Node\vidly\node_modules\express-async-errors\index.js:16:20)
    at Layer.handle [as handle_request] (E:\Code\JavaScript\Node\vidly\node_modules\express\lib\router\layer.js:95:5)
    at next (E:\Code\JavaScript\Node\vidly\node_modules\express\lib\router\route.js:137:13)
    at Route.dispatch (E:\Code\JavaScript\Node\vidly\node_modules\express\lib\router\route.js:112:3)
    at newFn (E:\Code\JavaScript\Node\vidly\node_modules\express-async-errors\index.js:16:20)
    at Layer.handle [as handle_request] (E:\Code\JavaScript\Node\vidly\node_modules\express\lib\router\layer.js:95:5)
    at E:\Code\JavaScript\Node\vidly\node_modules\express\lib\router\index.js:281:22
    at Function.process_params (E:\Code\JavaScript\Node\vidly\node_modules\express\lib\router\index.js:341:12)
2022-01-01 20:32:12 [日志模块] error: some thing was wrong
2022-01-01 20:32:47 [日志模块] error: some thing was wrong Error: some thing was wrong
    at E:\Code\JavaScript\Node\vidly\routes\genres.js:11:9
    at E:\Code\JavaScript\Node\vidly\middleware\async.js:5:19
    at newFn (E:\Code\JavaScript\Node\vidly\node_modules\express-async-errors\index.js:16:20)
    at Layer.handle [as handle_request] (E:\Code\JavaScript\Node\vidly\node_modules\express\lib\router\layer.js:95:5)
    at next (E:\Code\JavaScript\Node\vidly\node_modules\express\lib\router\route.js:137:13)
    at Route.dispatch (E:\Code\JavaScript\Node\vidly\node_modules\express\lib\router\route.js:112:3)
    at newFn (E:\Code\JavaScript\Node\vidly\node_modules\express-async-errors\index.js:16:20)
    at Layer.handle [as handle_request] (E:\Code\JavaScript\Node\vidly\node_modules\express\lib\router\layer.js:95:5)
    at E:\Code\JavaScript\Node\vidly\node_modules\express\lib\router\index.js:281:22
    at Function.process_params (E:\Code\JavaScript\Node\vidly\node_modules\express\lib\router\index.js:341:12)
2022-01-01 20:34:48 [日志模块] error: some thing was wrong some thing was wrong Error: some thing was wrong
    at E:\Code\JavaScript\Node\vidly\routes\genres.js:11:9
    at E:\Code\JavaScript\Node\vidly\middleware\async.js:5:19
    at newFn (E:\Code\JavaScript\Node\vidly\node_modules\express-async-errors\index.js:16:20)
    at Layer.handle [as handle_request] (E:\Code\JavaScript\Node\vidly\node_modules\express\lib\router\layer.js:95:5)
    at next (E:\Code\JavaScript\Node\vidly\node_modules\express\lib\router\route.js:137:13)
    at Route.dispatch (E:\Code\JavaScript\Node\vidly\node_modules\express\lib\router\route.js:112:3)
    at newFn (E:\Code\JavaScript\Node\vidly\node_modules\express-async-errors\index.js:16:20)
    at Layer.handle [as handle_request] (E:\Code\JavaScript\Node\vidly\node_modules\express\lib\router\layer.js:95:5)
    at E:\Code\JavaScript\Node\vidly\node_modules\express\lib\router\index.js:281:22
    at Function.process_params (E:\Code\JavaScript\Node\vidly\node_modules\express\lib\router\index.js:341:12)
{"level":"error","message":"some thing was wrong some thing was wrong","stack":"Error: some thing was wrong\n    at Object.<anonymous> (E:\\Code\\JavaScript\\Node\\vidly\\index.js:24:7)\n    at Module._compile (node:internal/modules/cjs/loader:1101:14)\n    at Object.Module._extensions..js (node:internal/modules/cjs/loader:1153:10)\n    at Module.load (node:internal/modules/cjs/loader:981:32)\n    at Function.Module._load (node:internal/modules/cjs/loader:822:12)\n    at Function.executeUserEntryPoint [as runMain] (node:internal/modules/run_main:81:12)\n    at node:internal/main/run_main_module:17:47"}
{"level":"error","message":"some thing was wrong some thing was wrong","stack":"Error: some thing was wrong\n    at Object.<anonymous> (E:\\Code\\JavaScript\\Node\\vidly\\index.js:24:7)\n    at Module._compile (node:internal/modules/cjs/loader:1101:14)\n    at Object.Module._extensions..js (node:internal/modules/cjs/loader:1153:10)\n    at Module.load (node:internal/modules/cjs/loader:981:32)\n    at Function.Module._load (node:internal/modules/cjs/loader:822:12)\n    at Function.executeUserEntryPoint [as runMain] (node:internal/modules/run_main:81:12)\n    at node:internal/main/run_main_module:17:47"}
{"level":"error","message":"some thing was wrong some thing was wrong","stack":"Error: some thing was wrong\n    at Object.<anonymous> (E:\\Code\\JavaScript\\Node\\vidly\\index.js:24:7)\n    at Module._compile (node:internal/modules/cjs/loader:1101:14)\n    at Object.Module._extensions..js (node:internal/modules/cjs/loader:1153:10)\n    at Module.load (node:internal/modules/cjs/loader:981:32)\n    at Function.Module._load (node:internal/modules/cjs/loader:822:12)\n    at Function.executeUserEntryPoint [as runMain] (node:internal/modules/run_main:81:12)\n    at node:internal/main/run_main_module:17:47"}
{"level":"error","message":"some thing was wrong some thing was wrong","stack":"Error: some thing was wrong\n    at Object.<anonymous> (E:\\Code\\JavaScript\\Node\\vidly\\index.js:25:7)\n    at Module._compile (node:internal/modules/cjs/loader:1101:14)\n    at Object.Module._extensions..js (node:internal/modules/cjs/loader:1153:10)\n    at Module.load (node:internal/modules/cjs/loader:981:32)\n    at Function.Module._load (node:internal/modules/cjs/loader:822:12)\n    at Function.executeUserEntryPoint [as runMain] (node:internal/modules/run_main:81:12)\n    at node:internal/main/run_main_module:17:47"}
{"level":"error","message":"some thing was wrong some thing was wrong","stack":"Error: some thing was wrong\n    at Object.<anonymous> (E:\\Code\\JavaScript\\Node\\vidly\\index.js:25:7)\n    at Module._compile (node:internal/modules/cjs/loader:1101:14)\n    at Object.Module._extensions..js (node:internal/modules/cjs/loader:1153:10)\n    at Module.load (node:internal/modules/cjs/loader:981:32)\n    at Function.Module._load (node:internal/modules/cjs/loader:822:12)\n    at Function.executeUserEntryPoint [as runMain] (node:internal/modules/run_main:81:12)\n    at node:internal/main/run_main_module:17:47"}
{"level":"error","message":"some thing was wrong some thing was wrong","stack":"Error: some thing was wrong\n    at Object.<anonymous> (E:\\Code\\JavaScript\\Node\\vidly\\index.js:25:7)\n    at Module._compile (node:internal/modules/cjs/loader:1101:14)\n    at Object.Module._extensions..js (node:internal/modules/cjs/loader:1153:10)\n    at Module.load (node:internal/modules/cjs/loader:981:32)\n    at Function.Module._load (node:internal/modules/cjs/loader:822:12)\n    at Function.executeUserEntryPoint [as runMain] (node:internal/modules/run_main:81:12)\n    at node:internal/main/run_main_module:17:47"}
2022-01-01 21:48:24 [日志模块] error: some thing was wrong Error: some thing was wrong
    at E:\Code\JavaScript\Node\vidly\routes\genres.js:11:9
    at E:\Code\JavaScript\Node\vidly\middleware\async.js:5:19
    at newFn (E:\Code\JavaScript\Node\vidly\node_modules\express-async-errors\index.js:16:20)
    at Layer.handle [as handle_request] (E:\Code\JavaScript\Node\vidly\node_modules\express\lib\router\layer.js:95:5)
    at next (E:\Code\JavaScript\Node\vidly\node_modules\express\lib\router\route.js:137:13)
    at Route.dispatch (E:\Code\JavaScript\Node\vidly\node_modules\express\lib\router\route.js:112:3)
    at newFn (E:\Code\JavaScript\Node\vidly\node_modules\express-async-errors\index.js:16:20)
    at Layer.handle [as handle_request] (E:\Code\JavaScript\Node\vidly\node_modules\express\lib\router\layer.js:95:5)
    at E:\Code\JavaScript\Node\vidly\node_modules\express\lib\router\index.js:281:22
    at Function.process_params (E:\Code\JavaScript\Node\vidly\node_modules\express\lib\router\index.js:341:12)
2022-01-01 22:04:46 [日志模块] error: some thing was wrong Error: some thing was wrong
    at E:\Code\JavaScript\Node\vidly\routes\genres.js:11:9
    at E:\Code\JavaScript\Node\vidly\middleware\async.js:5:19
    at newFn (E:\Code\JavaScript\Node\vidly\node_modules\express-async-errors\index.js:16:20)
    at Layer.handle [as handle_request] (E:\Code\JavaScript\Node\vidly\node_modules\express\lib\router\layer.js:95:5)
    at next (E:\Code\JavaScript\Node\vidly\node_modules\express\lib\router\route.js:137:13)
    at Route.dispatch (E:\Code\JavaScript\Node\vidly\node_modules\express\lib\router\route.js:112:3)
    at newFn (E:\Code\JavaScript\Node\vidly\node_modules\express-async-errors\index.js:16:20)
    at Layer.handle [as handle_request] (E:\Code\JavaScript\Node\vidly\node_modules\express\lib\router\layer.js:95:5)
    at E:\Code\JavaScript\Node\vidly\node_modules\express\lib\router\index.js:281:22
    at Function.process_params (E:\Code\JavaScript\Node\vidly\node_modules\express\lib\router\index.js:341:12)
